[debug] [2022-09-06T06:15:29.638Z] ----------------------------------------------------------------------
[debug] [2022-09-06T06:15:29.640Z] Command:       C:\Program Files\nodejs\node.exe C:\Users\Yendra Narayan Verma\AppData\Roaming\npm\node_modules\firebase-tools\lib\bin\firebase.js init
[debug] [2022-09-06T06:15:29.641Z] CLI Version:   11.8.0
[debug] [2022-09-06T06:15:29.641Z] Platform:      win32
[debug] [2022-09-06T06:15:29.641Z] Node Version:  v16.13.0
[debug] [2022-09-06T06:15:29.643Z] Time:          Tue Sep 06 2022 11:45:29 GMT+0530 (India Standard Time)
[debug] [2022-09-06T06:15:29.643Z] ----------------------------------------------------------------------
[debug] 
[debug] [2022-09-06T06:15:29.742Z] > command requires scopes: ["email","openid","https://www.googleapis.com/auth/cloudplatformprojects.readonly","https://www.googleapis.com/auth/firebase","https://www.googleapis.com/auth/cloud-platform"]
[debug] [2022-09-06T06:15:29.742Z] > authorizing via signed-in user (yendra1998@gmail.com)
[info] 
     ######## #### ########  ######## ########     ###     ######  ########
     ##        ##  ##     ## ##       ##     ##  ##   ##  ##       ##
     ######    ##  ########  ######   ########  #########  ######  ######
     ##        ##  ##    ##  ##       ##     ## ##     ##       ## ##
     ##       #### ##     ## ######## ########  ##     ##  ######  ########

You're about to initialize a Firebase project in this directory:

  C:\Users\Yendra Narayan Verma\Desktop\Angular\train-seat-booking

Before we get started, keep in mind:

  * You are initializing within an existing Firebase project directory

[info] 
=== Project Setup
[info] 
[info] First, let's associate this project directory with a Firebase project.
[info] You can create multiple project aliases by running firebase use --add, 
[info] but for now we'll just set up a default project.
[info] 
[debug] [2022-09-06T06:15:48.518Z] Using project from CLI flag: seatbooking-angular
[debug] [2022-09-06T06:15:48.524Z] >>> [apiv2][query] GET https://firebase.googleapis.com/v1beta1/projects/seatbooking-angular [none]
[debug] [2022-09-06T06:15:49.368Z] <<< [apiv2][status] GET https://firebase.googleapis.com/v1beta1/projects/seatbooking-angular 200
[debug] [2022-09-06T06:15:49.368Z] <<< [apiv2][body] GET https://firebase.googleapis.com/v1beta1/projects/seatbooking-angular {"projectId":"seatbooking-angular","projectNumber":"888048971347","displayName":"SeatBooking","name":"projects/seatbooking-angular","resources":{"hostingSite":"seatbooking-angular"},"state":"ACTIVE","etag":"1_766881ea-39d8-4bdd-a2aa-8aeb7f916f84"}
[info] i  Using project seatbooking-angular (SeatBooking) 
[info] 
=== Hosting Setup
[info] 
[info] Your public directory is the folder (relative to your project directory) that
[info] will contain Hosting assets to be uploaded with firebase deploy. If you
[info] have a build process for your assets, use your build's output directory.
[info] 
